------- unpacking binary ---------
extracting unpacked region 0x0000000000400000 (  118.6kB) wx entry 0x000000000041da64
******* Memory access clusters *******
0x0000000000400000 (  118.6kB) wx: ================================================================================
0x000000000061de00 (    4.5kB) w-: ===
0x00007f60f4a25038 (    3.9kB) w-: ==
0x00007f60f5075110 (    3.7kB) w-: ==
0x00007f60f4502688 (    2.8kB) w-: =
0x00007f60f57d9767 (    2.0kB) w-: =
0x00007f60f4819ce0 (    2.0kB) w-: =
0x00007f60f481a858 (    1.9kB) w-: =
0x0000000002215b48 (    1.5kB) w-: =
0x00007ffceb911b98 (    1.4kB) w-: 
0x00007ffceb913908 (    1.2kB) w-: 
0x00007f60f4a24b98 (     968B) w-: 
0x0000000002214008 (     648B) w-: 
0x00007f60f4818d90 (     624B) w-: 
0x00007f60f4817a18 (     600B) w-: 
0x00007f60f50727f8 (     600B) w-: 
0x0000000002215048 (     484B) w-: 
0x00007f60f4817158 (     448B) w-: 
0x00007f60f4819008 (     448B) w-: 
0x0000000002214ea8 (     412B) w-: 
0x00007f60f4816fb8 (     408B) w-: 
0x0000000002214d10 (     404B) w-: 
0x00007f60f4816e20 (     400B) w-: 
0x00007f60f4c58000 (     358B) w-: 
0x00007f60f5072620 (     328B) w-: 
0x00007f60f4817840 (     328B) w-: 
0x0000000002215330 (     308B) w-: 
0x00007f60f4816be0 (     304B) w-: 
0x000000000221a908 (     296B) w-: 
0x00007f60f4c592e0 (     272B) w-: 
0x00007f60f48158f0 (     272B) w-: 
0x00007f60f4817ea8 (     248B) w-: 
0x00007f60f4817c88 (     248B) w-: 
0x00007ffceb9136f8 (     244B) w-: 
0x00007f60f4503330 (     224B) w-: 
0x00007f60f45ff23d (     211B) w-: 
0x00007f60f45ff008 (     192B) w-: 
0x0000000002214bb0 (     188B) w-: 
0x00007f60f48189d8 (     184B) w-: 
0x00007f60f481a5b8 (     176B) w-: 
0x0000000002214a68 (     164B) w-: 
0x00007ffceb911ab8 (     164B) w-: 
0x00007f60f4816958 (     160B) w-: 
0x00007f60f4815c50 (     152B) w-: 
0x00007f60f4815d10 (     152B) w-: 
0x00007f60f4815dd0 (     152B) w-: 
0x00007f60f48160d0 (     152B) w-: 
0x00007f60f48166d0 (     152B) w-: 
0x00007f60f4816610 (     152B) w-: 
0x00007f60f4816550 (     152B) w-: 
0x00007f60f4815e90 (     152B) w-: 
0x00007f60f4815f50 (     152B) w-: 
0x00007f60f4816490 (     152B) w-: 
0x00007f60f4816010 (     152B) w-: 
0x00007f60f4815b90 (     152B) w-: 
0x00007f60f4816310 (     152B) w-: 
0x00007f60f4816190 (     152B) w-: 
0x00007f60f4816250 (     152B) w-: 
0x0000000002215a38 (     146B) w-: 
0x00007f60f4c591c0 (     144B) w-: 
0x00007f60f5073ca0 (     144B) w-: 
0x00007f60f4a24f68 (     136B) w-: 
0x00007f60f48175e0 (     136B) w-: 
0x00007f60f4815ad0 (     136B) w-: 
0x00007f60f4815a10 (     136B) w-: 
0x00007f60f5072770 (     128B) w-: 
0x00000000022157c0 (     128B) w-: 
0x0000000002214298 (     128B) w-: 
0x00007f60f4817990 (     128B) w-: 
0x00000000022144c8 (     127B) w-: 
0x00007f60f4c59800 (     120B) w-: 
0x0000000002214378 (     112B) w-: 
0x00007f60f4816aa0 (     112B) w-: 
0x0000000002214970 (     108B) w-: 
0x000000000221a6a8 (     104B) w-: 
0x0000000002215258 (     100B) w-: 
0x00007ffceb912168 (      98B) w-: 
0x00007ffceb9119b8 (      96B) w-: 
0x00007f60f4c58660 (      96B) w-: 
0x00000000022155c0 (      92B) w-: 
0x00007f60f4c586c8 (      88B) w-: 
0x00007f60f5073e10 (      88B) w-: 
0x00007f60f4c59130 (      88B) w-: 
0x0000000002215678 (      84B) w-: 
0x0000000002214a10 (      84B) w-: 
0x00007f60f5074b40 (      80B) w-: 
0x00007f60f4818400 (      80B) w-: 
0x0000000002214470 (      80B) w-: 
0x00007f60f48186e0 (      80B) w-: 
0x00007f60f4c59778 (      80B) w-: 
0x00007f60f4c581d8 (      80B) w-: 
0x00007f60f4818740 (      80B) w-: 
0x00007f60f4816900 (      80B) w-: 
0x00007f60f4c58bf8 (      80B) w-: 
0x00000000022156f0 (      76B) w-: 
0x00007f60f5073dc0 (      76B) w-: 
0x00007f60f5073a50 (      76B) w-: 
0x00000000022154f0 (      76B) w-: 
0x00000000022152c0 (      76B) w-: 
0x00007f60f4819800 (      72B) w-: 
0x00007f60f4c58aa0 (      72B) w-: 
0x00007f60f4c58590 (      72B) w-: 
0x00007f60f4c59080 (      72B) w-: 
0x00007f60f5074ad8 (      72B) w-: 
0x00007f60f4c58b40 (      70B) w-: 
0x00007f60f4c58b90 (      64B) w-: 
0x00007f60f481a6a8 (      64B) w-: 
0x00007f60f4a24900 (      64B) w-: 
0x00007f60f4c58170 (      64B) w-: 
0x00007f60f481a788 (      64B) w-: 
0x00007f60f4c58450 (      63B) w-: 
0x00007f60f4c58e70 (      63B) w-: 
0x00007f60f4c58960 (      63B) w-: 
0x00007ffceb913358 (      60B) w-: 
0x000000000221a778 (      57B) w-: 
0x00007f60f481a508 (      56B) w-: 
0x00007f60f48173c0 (      56B) w-: 
0x00007f60f5075088 (      56B) w-: 
0x00007f60f5074dd8 (      55B) w-: 
0x000000000061f14f (      55B) w-: 
0x00007ffceb9133d0 (      52B) w-: 
0x0000000002215640 (      52B) w-: 
0x00007f60f5073b40 (      52B) w-: 
0x00007ffceb913408 (      52B) w-: 
0x00007ffceb913398 (      52B) w-: 
0x0000000002222768 (      50B) w-: 
0x00007f60f4818660 (      48B) w-: 
0x00007f60f50750c8 (      48B) w-: 
0x00007f60f481ba50 (      48B) w-: 
0x00007f60f48167d8 (      48B) w-: 
0x00007f60f48189a0 (      48B) w-: 
0x00007f60f48167a0 (      48B) w-: 
0x00007f60f4817440 (      48B) w-: 
0x00007f60f4817478 (      48B) w-: 
0x00007f60f4c58268 (      48B) w-: 
0x00007f60f4c58ed8 (      48B) w-: 
0x00007f60f48186a0 (      48B) w-: 
0x00007f60f4c584b8 (      48B) w-: 
0x00007f60f48193f0 (      48B) w-: 
0x00007f60f4818340 (      48B) w-: 
0x00007f60f4818620 (      48B) w-: 
0x00007f60f48185e0 (      48B) w-: 
0x00007f60f4c589c8 (      48B) w-: 
0x00007f60f48183c0 (      48B) w-: 
0x00007f60f4818460 (      48B) w-: 
0x00007f60f48184a0 (      48B) w-: 
0x00007f60f48185a0 (      48B) w-: 
0x00007f60f48184e0 (      48B) w-: 
0x00007f60f481a580 (      48B) w-: 
0x0000000002215570 (      44B) w-: 
0x00000000022159e8 (      42B) w-: 
0x00007f60f4816b60 (      40B) w-: 
0x00007f60f4818560 (      40B) w-: 
0x00007ffceb913648 (      40B) w-: 
0x00007ffceb911a20 (      40B) w-: 
0x00007f60f4817500 (      40B) w-: 
0x00007f60f4817800 (      40B) w-: 
0x00007f60f4c582c8 (      40B) w-: 
0x000000000061f1b0 (      40B) w-: 
0x00007f60f4818520 (      40B) w-: 
0x00007f60f4c590d0 (      40B) w-: 
0x00007f60f48182c0 (      40B) w-: 
0x00007f60f4c59100 (      40B) w-: 
0x000000000221ad58 (      40B) w-: 
0x00007f60f4818300 (      40B) w-: 
0x00007ffceb911b60 (      40B) w-: 
0x00007f60f4c59958 (      40B) w-: 
0x00007f60f4c59050 (      38B) w-: 
0x00007f60f4c58630 (      38B) w-: 
0x0000000002214b60 (      36B) w-: 
0x0000000002214928 (      36B) w-: 
0x0000000002215778 (      36B) w-: 
0x00000000022154a8 (      36B) w-: 
0x00007f60f5073ae4 (      36B) w-: 
0x0000000002214cc8 (      36B) w-: 
0x00007f60f4816a50 (      32B) w-: 
0x00007f60f4c587d8 (      32B) w-: 
0x00007f60f4818ba0 (      32B) w-: 
0x00007f60f5073d80 (      32B) w-: 
0x00007f60f4818b38 (      32B) w-: 
0x00007f60f45fed10 (      32B) w-: 
0x00007ffceb911a58 (      32B) w-: 
0x00007f60f4503230 (      32B) w-: 
0x00007f60f5074018 (      32B) w-: 
0x00007f60f4c58c98 (      32B) w-: 
0x00007f60f45fefd0 (      32B) w-: 
0x00000000022149e0 (      28B) w-: 
0x0000000002214cf0 (      28B) w-: 
0x00007f60f4c58e30 (      28B) w-: 
0x0000000002214c90 (      28B) w-: 
0x00000000022155a0 (      28B) w-: 
0x0000000002215230 (      28B) w-: 
0x00007f60f4c58410 (      28B) w-: 
0x00007f60f4c58920 (      28B) w-: 
0x0000000002215310 (      28B) w-: 
0x0000000002214950 (      28B) w-: 
0x0000000002214c70 (      28B) w-: 
0x00000000022154d0 (      28B) w-: 
0x0000000002215540 (      28B) w-: 
0x00000000022157a0 (      28B) w-: 
0x00007f60f5073bbc (      28B) w-: 
0x000000000061f018 (      28B) w-: 
0x00007f60f5073b98 (      28B) w-: 
0x0000000002215740 (      28B) w-: 
0x00000000022156d0 (      28B) w-: 
0x0000000002215620 (      28B) w-: 
0x000000000061f0e0 (      25B) w-: 
0x00007f60f5072f98 (      25B) w-: 
0x00007f60f50731c8 (      25B) w-: 
0x00007f60f5073238 (      25B) w-: 
0x00007f60f5073778 (      25B) w-: 
0x000000000221a658 (      25B) w-: 
0x00007f60f5072cf8 (      25B) w-: 
0x00007f60f48188a0 (      24B) w-: 
0x00007ffceb9138e8 (      24B) w-: 
0x00007f60f4c59000 (      24B) w-: 
0x00007f60f4818840 (      24B) w-: 
0x00007f60f4c581b8 (      24B) w-: 
0x00007f60f4819860 (      24B) w-: 
0x00007f60f4817720 (      24B) w-: 
0x00007f60f5074e48 (      24B) w-: 
0x00007f60f4c58f20 (      24B) w-: 
0x000000000061f190 (      24B) w-: 
0x00007f60f4818ab8 (      24B) w-: 
0x00007f60f4c58500 (      24B) w-: 
0x00007f60f4c58520 (      24B) w-: 
0x00007f60f4c58af0 (      24B) w-: 
0x0000000002214908 (      24B) w-: 
0x00007f60f4c58a10 (      24B) w-: 
0x00007f60f4c585e0 (      24B) w-: 
0x00007f60f4816da0 (      24B) w-: 
0x00007f60f48168b0 (      24B) w-: 
0x00007f60f48168d0 (      24B) w-: 
0x00007f60f5073b7c (      24B) w-: 
0x00007f60f4c59938 (      24B) w-: 
0x000000000221a688 (      24B) w-: 
0x00007f60f5072a60 (      24B) w-: 
0x00007f60f5072ab0 (      24B) w-: 
0x00007f60f5073aa0 (      24B) w-: 
0x00007f60f4c58bd8 (      24B) w-: 
0x0000000002222748 (      23B) w-: 
0x00000000022226e0 (      23B) w-: 
0x00000000022227a8 (      21B) w-: 
0x0000000002222728 (      21B) w-: 
0x00007f60f4c59580 (      20B) w-: 
0x00007f60f4c59610 (      20B) w-: 
0x000000000061f100 (      20B) w-: 
0x00007f60f4c59430 (      20B) w-: 
0x00007f60f4c59448 (      20B) w-: 
0x00007f60f48211a0 (      20B) w-: 
0x00007f60f4c59460 (      20B) w-: 
0x00007f60f4c59478 (      20B) w-: 
0x00007f60f4c59490 (      20B) w-: 
0x00007f60f4c594a8 (      20B) w-: 
0x00007f60f4c594c0 (      20B) w-: 
0x00007f60f4c594d8 (      20B) w-: 
0x00007f60f4c594f0 (      20B) w-: 
0x0000000002215848 (      20B) w-: 
0x00007f60f4c59508 (      20B) w-: 
0x00007f60f4c59520 (      20B) w-: 
0x00007f60f4c59538 (      20B) w-: 
0x00007f60f4c59550 (      20B) w-: 
0x0000000002215868 (      20B) w-: 
0x00007f60f4c59568 (      20B) w-: 
0x0000000002215888 (      20B) w-: 
0x00000000022158a8 (      20B) w-: 
0x00000000022158c8 (      20B) w-: 
0x00000000022158e8 (      20B) w-: 
0x00007f60f4c59598 (      20B) w-: 
0x00007f60f4c58494 (      20B) w-: 
0x0000000002215908 (      20B) w-: 
0x0000000002215928 (      20B) w-: 
0x0000000002215948 (      20B) w-: 
0x0000000002215968 (      20B) w-: 
0x00007f60f4c595b0 (      20B) w-: 
0x00007f60f4c595c8 (      20B) w-: 
0x00007f60f4c595e0 (      20B) w-: 
0x00007f60f4c595f8 (      20B) w-: 
0x00007f60f5073b10 (      20B) w-: 
0x00007f60f4c59628 (      20B) w-: 
0x00007f60f4c59640 (      20B) w-: 
0x00007f60f4c59658 (      20B) w-: 
0x0000000002215988 (      20B) w-: 
0x00000000022159a8 (      20B) w-: 
0x00007f60f4c59670 (      20B) w-: 
0x00007f60f4c59688 (      20B) w-: 
0x00000000022159c8 (      20B) w-: 
0x00007f60f5073c24 (      20B) w-: 
0x00007f60f4c596a0 (      20B) w-: 
0x00007f60f4c596b8 (      20B) w-: 
0x00007f60f4c596d0 (      20B) w-: 
0x00007f60f4c596e8 (      20B) w-: 
0x00007f60f4c59700 (      20B) w-: 
0x0000000002222708 (      20B) w-: 
0x00007f60f4c59718 (      20B) w-: 
0x00007f60f4c59730 (      20B) w-: 
0x00007f60f4c59920 (      20B) w-: 
0x00007f60f4c59908 (      20B) w-: 
0x00007f60f4c59748 (      20B) w-: 
0x00007f60f4c59760 (      20B) w-: 
0x00007f60f4c598f0 (      20B) w-: 
0x00007f60f4c598c0 (      20B) w-: 
0x00007f60f4c598d8 (      20B) w-: 
0x00000000022227c8 (      19B) w-: 
0x0000000002215a18 (      18B) w-: 
0x000000000221a818 (      17B) w-: 
0x000000000221a800 (      17B) w-: 
0x000000000221a7e8 (      17B) w-: 
0x000000000221a7d0 (      17B) w-: 
0x000000000221a7b8 (      17B) w-: 
0x00000000022227e8 (      17B) w-: 
0x000000000061f0c8 (      17B) w-: 
0x00007f60f45fede0 (      16B) w-: 
0x00007f60f45fed80 (      16B) w-: 
0x00007f60f5073be4 (      16B) w-: 
0x00007f60f5073c04 (      16B) w-: 
0x00007f60f4818800 (      16B) w-: 
0x00007f60f5073c44 (      16B) w-: 
0x00007f60f48187a0 (      16B) w-: 
0x00007f60f48187c0 (      16B) w-: 
0x00007f60f48187e0 (      16B) w-: 
0x00007f60f481a728 (      16B) w-: 
0x00007f60f4818820 (      16B) w-: 
0x0000000002214328 (      16B) w-: 
0x00007f60f4818860 (      16B) w-: 
0x00007f60f4818880 (      16B) w-: 
0x00007f60f481a808 (      16B) w-: 
0x00007f60f48188c0 (      16B) w-: 
0x00007f60f48188e0 (      16B) w-: 
0x00007f60f4818900 (      16B) w-: 
0x00007f60f5072a80 (      16B) w-: 
0x00007f60f5073c64 (      16B) w-: 
0x0000000002214340 (      16B) w-: 
0x00007f60f5073ff0 (      16B) w-: 
0x000000000221a830 (      16B) w-: 
0x00007f60f48205a0 (      16B) w-: 
0x00007f60f4816860 (      16B) w-: 
0x00007f60f4c58a30 (      16B) w-: 
0x00007f60f5074f60 (      16B) w-: 
0x00007f60f5074f10 (      16B) w-: 
0x00007f60f5074d90 (      16B) w-: 
0x00007f60f4c58618 (      16B) w-: 
0x00007f60f4818180 (      16B) w-: 
0x00007f60f4c58ce8 (      16B) w-: 
0x00007f60f48180e0 (      16B) w-: 
0x00007f60f4819888 (      16B) w-: 
0x00007f60f5074c58 (      16B) w-: 
0x00007f60f4a275f8 (      16B) w-: 
0x00007f60f48177c8 (      16B) w-: 
0x00007f60f48177a8 (      16B) w-: 
0x00007f60f4819560 (      16B) w-: 
0x00007f60f4817788 (      16B) w-: 
0x00007f60f4819598 (      16B) w-: 
0x00007f60f4817768 (      16B) w-: 
0x00007f60f48195d0 (      16B) w-: 
0x00007f60f4817748 (      16B) w-: 
0x00007f60f4819608 (      16B) w-: 
0x00007f60f48197c8 (      16B) w-: 
0x00007f60f4819640 (      16B) w-: 
0x00007f60f4c58f40 (      16B) w-: 
0x00007f60f4819678 (      16B) w-: 
0x00007f60f4817580 (      16B) w-: 
0x00007f60f48196b0 (      16B) w-: 
0x00007f60f5074a48 (      16B) w-: 
0x00007f60f48196e8 (      16B) w-: 
0x00007f60f4c58fb0 (      16B) w-: 
0x00007f60f4819720 (      16B) w-: 
0x00007f60f4c59038 (      16B) w-: 
0x00007f60f4819758 (      16B) w-: 
0x0000000002215760 (      16B) w-: 
0x00007f60f4819790 (      16B) w-: 
0x000000000061f140 (      14B) w-: 
0x00007f60f4c58fa0 (      12B) w-: 
0x00007f60f4c592d0 (      12B) w-: 
0x00007f60f4c5855c (      12B) w-: 
0x00007f60f4c58580 (      12B) w-: 
0x0000000002215480 (      12B) w-: 
0x00007f60f4c58eb4 (      12B) w-: 
0x00007f60f5074040 (      12B) w-: 
0x00007f60f5074f00 (      12B) w-: 
0x00007f60f4c58a90 (      12B) w-: 
0x00007f60f4c598b0 (      12B) w-: 
0x00007f60f4821190 (      12B) w-: 
0x00007f60f4c589a4 (      12B) w-: 
0x0000000002214b98 (      12B) w-: 
0x0000000002214b88 (      12B) w-: 
0x00007ffceb911aa4 (      12B) w-: 
0x00007f60f481a4ec (      12B) w-: 
0x00007f60f5073c90 (      12B) w-: 
0x00007f60f5072aa0 (      12B) w-: 
0x00007f60f481a7e8 (      12B) w-: 
0x00007f60f5072ae8 (      12B) w-: 
0x00007f60f4c59280 (      12B) w-: 
0x00007f60f481a778 (      12B) w-: 
0x00007f60f5073ac0 (      12B) w-: 
0x00007f60f481a708 (      12B) w-: 
0x00007f60f4c59420 (      12B) w-: 
0x00007f60f4c58b28 (      10B) w-: 
0x00007f60f481a740 (       8B) w-: 
0x00007f60f4818220 (       8B) w-: 
0x00007f60f481a680 (       8B) w-: 
0x00007f60f481a570 (       8B) w-: 
0x00007f60f481a558 (       8B) w-: 
0x00007f60f481a820 (       8B) w-: 
0x000000000061f210 (       8B) w-: 
0x00007ffceb911a88 (       8B) w-: 
0x00007f60f481ba40 (       8B) w-: 
0x00007ffceb911a7c (       8B) w-: 
0x00007f60f481fb50 (       8B) w-: 
0x00007f60f481fb60 (       8B) w-: 
0x0000000002214cb8 (       8B) w-: 
0x00007f60f4820500 (       8B) w-: 
0x00007f60f5074e38 (       8B) w-: 
0x00007f60f4819c60 (       8B) w-: 
0x00007f60f5074cc0 (       8B) w-: 
0x00007f60f4821180 (       8B) w-: 
0x00007f60f4819b78 (       8B) w-: 
0x00007f60f5074c78 (       8B) w-: 
0x00007f60f4821200 (       8B) w-: 
0x00007f60f4821218 (       8B) w-: 
0x00007f60f5074be8 (       8B) w-: 
0x00007f60f5074bd0 (       8B) w-: 
0x00007f60f4819b40 (       8B) w-: 
0x00007f60f4a249f8 (       8B) w-: 
0x00007f60f4a24a08 (       8B) w-: 
0x00007f60f4a24a18 (       8B) w-: 
0x00007f60f4a24a48 (       8B) w-: 
0x00007f60f4a24a78 (       8B) w-: 
0x00007f60f4a24a88 (       8B) w-: 
0x00007f60f4a24b18 (       8B) w-: 
0x00007f60f4819b28 (       8B) w-: 
0x00007f60f4819a80 (       8B) w-: 
0x00007f60f4a25000 (       8B) w-: 
0x00007f60f4819980 (       8B) w-: 
0x00007f60f48197e0 (       8B) w-: 
0x00007f60f48197a8 (       8B) w-: 
0x00007f60f4819770 (       8B) w-: 
0x00007f60f4819738 (       8B) w-: 
0x00007f60f4819700 (       8B) w-: 
0x00007f60f4c58250 (       8B) w-: 
0x00007f60f48196c8 (       8B) w-: 
0x00007f60f4c582a0 (       8B) w-: 
0x00007f60f4819690 (       8B) w-: 
0x00007f60f4c582f8 (       8B) w-: 
0x00007f60f4c58340 (       8B) w-: 
0x00007f60f4819658 (       8B) w-: 
0x00007f60f4c58440 (       8B) w-: 
0x00007f60f4819620 (       8B) w-: 
0x00007f60f5074ba0 (       8B) w-: 
0x00007f60f48195e8 (       8B) w-: 
0x00007f60f48195b0 (       8B) w-: 
0x00007f60f4819578 (       8B) w-: 
0x0000000002215498 (       8B) w-: 
0x00007f60f4c58540 (       8B) w-: 
0x00007f60f5074b28 (       8B) w-: 
0x00007f60f48193c0 (       8B) w-: 
0x00007f60f5074ac0 (       8B) w-: 
0x00007f60f4818d28 (       8B) w-: 
0x00007f60f4818ca8 (       8B) w-: 
0x00007f60f4c58600 (       8B) w-: 
0x00007f60f5074060 (       8B) w-: 
0x00007f60f4818c98 (       8B) w-: 
0x00007f60f4818c68 (       8B) w-: 
0x00007f60f4818c38 (       8B) w-: 
0x00007f60f4818c28 (       8B) w-: 
0x00007f60f4c58730 (       8B) w-: 
0x00007f60f4c58760 (       8B) w-: 
0x00007f60f4c58778 (       8B) w-: 
0x00007f60f4c58788 (       8B) w-: 
0x00007f60f4c58798 (       8B) w-: 
0x00007f60f4c587b0 (       8B) w-: 
0x00007f60f4818c18 (       8B) w-: 
0x00007f60f4c58808 (       8B) w-: 
0x00007f60f4c58850 (       8B) w-: 
0x00007f60f4818c08 (       8B) w-: 
0x00007f60f4c58950 (       8B) w-: 
0x00007f60f4818920 (       8B) w-: 
0x00007f60f5074050 (       8B) w-: 
0x00007f60f4818398 (       8B) w-: 
0x00007f60f4818388 (       8B) w-: 
0x00007f60f4818270 (       8B) w-: 
0x00007f60f4818260 (       8B) w-: 
0x00007f60f4c58a50 (       8B) w-: 
0x000000000221a678 (       8B) w-: 
0x00007f60f4c58a70 (       8B) w-: 
0x00007f60f4818250 (       8B) w-: 
0x00007f60f4818240 (       8B) w-: 
0x00007f60f4818230 (       8B) w-: 
0x00007f60f4c58b10 (       8B) w-: 
0x000000000221a850 (       8B) w-: 
0x00007f60f45ff1b0 (       8B) w-: 
0x00007f60f4818210 (       8B) w-: 
0x00007f60f48181f0 (       8B) w-: 
0x00007f60f48181e0 (       8B) w-: 
0x00007f60f48181c0 (       8B) w-: 
0x00007f60f4c58c70 (       8B) w-: 
0x00007f60f4c58c88 (       8B) w-: 
0x00007f60f48181b0 (       8B) w-: 
0x00007f60f4818140 (       8B) w-: 
0x00007f60f4c58d18 (       8B) w-: 
0x00007f60f4c58d60 (       8B) w-: 
0x00007f60f4818120 (       8B) w-: 
0x00007f60f4c58e60 (       8B) w-: 
0x00007f60f4818110 (       8B) w-: 
0x000000000221a868 (       8B) w-: 
0x00007f60f48180d0 (       8B) w-: 
0x00007f60f48180c0 (       8B) w-: 
0x00007f60f48177e8 (       8B) w-: 
0x00007f60f48175a0 (       8B) w-: 
0x00007f60f4c58f60 (       8B) w-: 
0x00007f60f5073f88 (       8B) w-: 
0x00007f60f5073f38 (       8B) w-: 
0x00007f60f4817540 (       8B) w-: 
0x00007f60f48174c0 (       8B) w-: 
0x00007f60f4817400 (       8B) w-: 
0x00007f60f4c59020 (       8B) w-: 
0x00007f60f5073f28 (       8B) w-: 
0x00007f60f4817380 (       8B) w-: 
0x00007f60f4817370 (       8B) w-: 
0x00007f60f4817320 (       8B) w-: 
0x00007f60f4816de0 (       8B) w-: 
0x00007f60f4816dc8 (       8B) w-: 
0x00007f60f4816d60 (       8B) w-: 
0x00007f60f4816d48 (       8B) w-: 
0x00007f60f4816d30 (       8B) w-: 
0x00007f60f4c59290 (       8B) w-: 
0x00007f60f4816ba0 (       8B) w-: 
0x00007f60f4816b20 (       8B) w-: 
0x00007f60f4816a78 (       8B) w-: 
0x00007f60f4816888 (       8B) w-: 
0x00007f60f4816878 (       8B) w-: 
0x00007f60f4816820 (       8B) w-: 
0x00007f60f4816780 (       8B) w-: 
0x00007f60f48163f8 (       8B) w-: 
0x00007f60f48163d8 (       8B) w-: 
0x00007f60f5073ef8 (       8B) w-: 
0x00007f60f5073ec8 (       8B) w-: 
0x00007f60f5073eb8 (       8B) w-: 
0x00007f60f5073ea8 (       8B) w-: 
0x00007f60f5073e98 (       8B) w-: 
0x000000000221a880 (       8B) w-: 
0x000000000221a898 (       8B) w-: 
0x00007f60f5073da8 (       8B) w-: 
0x000000000221a8b0 (       8B) w-: 
0x000000000221a8c8 (       8B) w-: 
0x000000000221a8e0 (       8B) w-: 
0x00007f60f5073c84 (       8B) w-: 
0x000000000221a8f8 (       8B) w-: 
0x0000000002222808 (       8B) w-: 
0x00007f60f4503210 (       8B) w-: 
0x00007f60f4503220 (       8B) w-: 
0x00007f60f45fed48 (       8B) w-: 
0x00007f60f45fee88 (       8B) w-: 
0x00007f60f45fee98 (       8B) w-: 
0x00007f60f45feea8 (       8B) w-: 
0x00007f60f45feed8 (       8B) w-: 
0x00007f60f45fef08 (       8B) w-: 
0x00007f60f45fef18 (       8B) w-: 
0x00007f60f45fef68 (       8B) w-: 
0x00007f60f45ff0e0 (       8B) w-: 
0x00007f60f45ff0f0 (       8B) w-: 
0x00007f60f45ff100 (       8B) w-: 
0x00007f60f45ff110 (       8B) w-: 
0x00007f60f45ff120 (       8B) w-: 
0x00007f60f45ff130 (       8B) w-: 
0x00007f60f45ff140 (       8B) w-: 
0x00007f60f45ff150 (       8B) w-: 
0x00007f60f5072ad0 (       8B) w-: 
0x00007f60f45ff220 (       8B) w-: 
0x00007f60f45ff210 (       8B) w-: 
0x00007f60f45ff200 (       8B) w-: 
0x00007f60f45ff1f0 (       8B) w-: 
0x00007f60f45ff1e0 (       8B) w-: 
0x00007f60f45ff1d0 (       8B) w-: 
0x00007f60f45ff160 (       8B) w-: 
0x00007f60f45ff170 (       8B) w-: 
0x00007f60f45ff180 (       8B) w-: 
0x00007f60f45ff190 (       8B) w-: 
0x00007f60f45ff1a0 (       8B) w-: 
0x00007f60f45ff1c0 (       8B) w-: 
0x000000000061f118 (       5B) w-: 
0x00007ffceb913e10 (       4B) w-: 
0x00007f60f4c58610 (       4B) w-: 
0x0000000002215560 (       4B) w-: 
0x00007f60f4819298 (       4B) w-: 
0x00007f60f481a6a0 (       4B) w-: 
0x000000000061f134 (       4B) w-: 
0x00007f60f481a840 (       4B) w-: 
0x0000000002215568 (       4B) w-: 
0x0000000002214360 (       4B) w-: 
0x0000000002214a00 (       4B) w-: 
0x0000000002214a08 (       4B) w-: 
0x0000000002214b10 (       4B) w-: 
0x00007ffceb911b90 (       4B) w-: 
0x0000000002214b18 (       4B) w-: 
0x0000000002214b20 (       4B) w-: 
0x0000000002214b28 (       4B) w-: 
0x00007f60f4819c88 (       4B) w-: 
0x00007f60f5073b2c (       4B) w-: 
0x00007f60f4819c80 (       4B) w-: 
0x0000000002214b30 (       4B) w-: 
0x00007ffceb911a50 (       4B) w-: 
0x0000000002214b38 (       4B) w-: 
0x0000000002214b40 (       4B) w-: 
0x0000000002214b48 (       4B) w-: 
0x00007f60f5073c18 (       4B) w-: 
0x0000000002214b50 (       4B) w-: 
0x0000000002214b58 (       4B) w-: 
0x0000000002214ba8 (       4B) w-: 
0x00007f60f5073c78 (       4B) w-: 
0x00007f60f5075080 (       4B) w-: 
0x0000000002214cb0 (       4B) w-: 
0x0000000002215250 (       4B) w-: 
0x00007f60f5074ee4 (       4B) w-: 
0x00007f60f5074ed4 (       4B) w-: 
0x0000000002215468 (       4B) w-: 
0x00007f60f4820598 (       4B) w-: 
0x0000000002215470 (       4B) w-: 
0x00007f60f4c58554 (       4B) w-: 
0x0000000002215478 (       4B) w-: 
0x00007f60f4820ac0 (       4B) w-: 
0x00007f60f4819b60 (       4B) w-: 
0x00007f60f4c59030 (       4B) w-: 
0x00007f60f4c58f84 (       4B) w-: 
0x00007f60f4c58f74 (       4B) w-: 
0x0000000002215490 (       4B) w-: 
0x00007f60f4c58b20 (       4B) w-: 
0x00007f60f4c58a64 (       4B) w-: 
0x00007f60f4819424 (       4B) w-: 
0x00007f60f5074da8 (       2B) w-: 
0x0000000002214320 (       2B) w-: 
0x000000000061f115 (       2B) w-: 
0x000000000061f0c0 (       2B) w-: 
0x00007f60f5051dd0 (       1B) -x: 
0x00007f60f4c589a1 (       1B) w-: 
0x00007f60f4c58491 (       1B) w-: 
0x00007f60f4827e4e (       1B) w-: 
0x00007f60f48214b8 (       1B) w-: 
0x00007f60f4c58eb1 (       1B) w-: 
0x00007f60f47a0940 (       1B) -x: 
0x00007f60f47a0900 (       1B) -x: 
0x00007f60f479d960 (       1B) -x: 
0x00007f60f5057300 (       1B) -x: 
0x00007f60f479d580 (       1B) -x: 
0x00007f60f479d300 (       1B) -x: 
0x00007f60f4799440 (       1B) -x: 
0x00007f60f4798f00 (       1B) -x: 
0x00007f60f4798ac0 (       1B) -x: 
0x00007f60f4714af0 (       1B) -x: 
0x00007f60f48204e8 (       1B) w-: 
0x00007f60f47142b0 (       1B) -x: 
0x00007f60f46ed2f0 (       1B) -x: 
0x00007f60f46e66f0 (       1B) -x: 
0x00007f60f46c4200 (       1B) -x: 
0x00007f60f46a83f0 (       1B) -x: 
0x00007f60f46a5460 (       1B) -x: 
0x00007f60f46a5120 (       1B) -x: 
0x00007f60f468d880 (       1B) -x: 
0x00007f60f468a2a0 (       1B) -x: 
0x00007f60f46892d0 (       1B) -x: 
0x00007f60f4689290 (       1B) -x: 
0x00007f60f46891a0 (       1B) -x: 
0x00007f60f46875a0 (       1B) -x: 
0x00007f60f4680130 (       1B) -x: 
0x00007f60f467f6b0 (       1B) -x: 
0x00007f60f467f1b0 (       1B) -x: 
0x00007f60f467ecf0 (       1B) -x: 
0x00007f60f46459a0 (       1B) -x: 
0x00007f60f4644b70 (       1B) -x: 
0x00007f60f46388b0 (       1B) -x: 
0x00007f60f462a250 (       1B) -x: 
0x00007f60f4628350 (       1B) -x: 
0x00007f60f46282d0 (       1B) -x: 
0x00007f60f50473d0 (       1B) -x: 
0x00007f60f504f080 (       1B) -x: 
0x00007f60f504fd30 (       1B) -x: 
0x00007f60f479d790 (       1B) -x: 
------- unpacking complete ---------
------- unpacking binary ---------
extracting unpacked region 0x00007f2a93d06000 (   76.3kB) wx entry 0x00007f2a93d19146
******* Memory access clusters *******
0x00007f2a93d06000 (   76.3kB) wx: ================================================================================
0x00007f2a93d1a000 (   29.1kB) w-: ==============================
0x00007f2a93d02000 (   13.0kB) w-: =============
0x00007f2a93d23000 (    8.0kB) w-: ========
0x00007f2a7f958038 (    3.9kB) w-: ====
0x00007fffb22beed8 (    3.8kB) w-: ===
0x00007f2a7ffbc110 (    3.7kB) w-: ===
0x00007f2a7f646688 (    2.8kB) w-: ==
0x00007f2a80740cbf (    2.0kB) w-: ==
0x00007f2a7f619ce0 (    2.0kB) w-: ==
0x0000555555a45b48 (    2.0kB) w-: ==
0x00007f2a7f61a858 (    1.9kB) w-: ==
0x00007fffb22be958 (    1.3kB) w-: =
0x00007f2a7f957b98 (     968B) w-: 
0x0000555555a44008 (     648B) w-: 
0x00007f2a7f618d90 (     624B) w-: 
0x00007f2a7f617a18 (     600B) w-: 
0x00007f2a7ffb97f8 (     600B) w-: 
0x0000555555a45048 (     484B) w-: 
0x00007f2a7f619008 (     448B) w-: 
0x0000555555a4acb8 (     448B) w-: 
0x00007f2a7f617158 (     448B) w-: 
0x0000555555a44ea8 (     412B) w-: 
0x00007f2a7f616fb8 (     408B) w-: 
0x0000555555a44d10 (     404B) w-: 
0x00007f2a7f616e20 (     400B) w-: 
0x00007f2a7fb88000 (     358B) w-: 
0x00007f2a7f617840 (     328B) w-: 
0x00007f2a7ffb9620 (     328B) w-: 
0x0000555555a45330 (     308B) w-: 
0x00007f2a7f616be0 (     304B) w-: 
0x00007f2a7f647330 (     288B) w-: 
0x00007f2a7fb89340 (     272B) w-: 
0x00007f2a7f6158f0 (     272B) w-: 
0x00007fffb22bd380 (     256B) w-: 
0x00007f2a7f617ea8 (     248B) w-: 
0x00007f2a7f617c88 (     248B) w-: 
0x00007fffb22be748 (     244B) w-: 
0x00007f2a7fb891c0 (     240B) w-: 
0x00007f2a7f7ac23d (     211B) w-: 
0x00007f2a7f7ac008 (     192B) w-: 
0x0000555555a44bb0 (     188B) w-: 
0x00007f2a7f6189d8 (     184B) w-: 
0x00007f2a7f61a5b8 (     176B) w-: 
0x0000555555a44a68 (     164B) w-: 
0x00007f2a7f616958 (     160B) w-: 
0x00007f2a7f616010 (     152B) w-: 
0x00007f2a7f6160d0 (     152B) w-: 
0x00007f2a7f616190 (     152B) w-: 
0x00007f2a7f615f50 (     152B) w-: 
0x00007f2a7f615e90 (     152B) w-: 
0x00007f2a7f615dd0 (     152B) w-: 
0x00007f2a7f615d10 (     152B) w-: 
0x00007f2a7f615c50 (     152B) w-: 
0x00007f2a7f615b90 (     152B) w-: 
0x00007f2a7f616250 (     152B) w-: 
0x00007f2a7f616310 (     152B) w-: 
0x00007f2a7f616490 (     152B) w-: 
0x00007f2a7f616550 (     152B) w-: 
0x00007f2a7f616610 (     152B) w-: 
0x00007f2a7f6166d0 (     152B) w-: 
0x0000555555a45a38 (     146B) w-: 
0x00007f2a7ffbaca0 (     144B) w-: 
0x00007f2a7f615ad0 (     136B) w-: 
0x00007f2a7f615a10 (     136B) w-: 
0x00007f2a7f6175e0 (     136B) w-: 
0x00007f2a7f957f68 (     136B) w-: 
0x0000555555a444c8 (     131B) w-: 
0x00007f2a7ffb9770 (     128B) w-: 
0x0000555555a44298 (     128B) w-: 
0x0000555555a4a9c8 (     128B) w-: 
0x0000555555a457c0 (     128B) w-: 
0x00007f2a7f617990 (     128B) w-: 
0x00007f2a7fb89860 (     120B) w-: 
0x0000555555a44378 (     112B) w-: 
0x00007f2a7f616aa0 (     112B) w-: 
0x0000555555a44970 (     108B) w-: 
0x0000555555a45258 (     100B) w-: 
0x00007f2a7fb88660 (      96B) w-: 
0x0000555555a455c0 (      92B) w-: 
0x00007f2a7fb89130 (      88B) w-: 
0x00007f2a7ffbae10 (      88B) w-: 
0x00007f2a7fb886c8 (      88B) w-: 
0x0000555555a45678 (      84B) w-: 
0x0000555555a44a10 (      84B) w-: 
0x00007f2a7fb881d8 (      80B) w-: 
0x00007f2a7f618400 (      80B) w-: 
0x00007f2a7fb897d8 (      80B) w-: 
0x00007f2a7fb88bf8 (      80B) w-: 
0x0000555555a44470 (      80B) w-: 
0x00007f2a7ffbbb40 (      80B) w-: 
0x00007f2a7f616900 (      80B) w-: 
0x00007f2a7f618740 (      80B) w-: 
0x00007f2a7f6186e0 (      80B) w-: 
0x00007f2a7ffbaa50 (      76B) w-: 
0x0000555555a454f0 (      76B) w-: 
0x00007f2a7ffbadc0 (      76B) w-: 
0x0000555555a456f0 (      76B) w-: 
0x0000555555a452c0 (      76B) w-: 
0x00007f2a7fb88aa0 (      72B) w-: 
0x00007f2a7fb88590 (      72B) w-: 
0x00007f2a7f619800 (      72B) w-: 
0x00007f2a7fb89080 (      72B) w-: 
0x00007f2a7ffbbad8 (      72B) w-: 
0x00007fffb22bd488 (      72B) w-: 
0x00007fffb22bd4d8 (      72B) w-: 
0x00007f2a7fb88b40 (      70B) w-: 
0x0000555555a52b28 (      68B) w-: 
0x00007f2a7f61a788 (      64B) w-: 
0x00007f2a7f957900 (      64B) w-: 
0x00007f2a7fb88b90 (      64B) w-: 
0x00007f2a7f61a6a8 (      64B) w-: 
0x00007f2a7fb88170 (      64B) w-: 
0x00007f2a7fb88960 (      63B) w-: 
0x00007f2a7fb88450 (      63B) w-: 
0x00007f2a7fb88e70 (      63B) w-: 
0x00007fffb22be3a8 (      60B) w-: 
0x0000555555a4aac8 (      57B) w-: 
0x00007f2a7ffbc088 (      56B) w-: 
0x00007f2a7f61a508 (      56B) w-: 
0x00007f2a7f6173c0 (      56B) w-: 
0x00007f2a7ffbbdd8 (      55B) w-: 
0x00007f2a7ffbab40 (      52B) w-: 
0x0000555555a45640 (      52B) w-: 
0x00007fffb22be3e8 (      52B) w-: 
0x00007fffb22be420 (      52B) w-: 
0x00007fffb22be458 (      52B) w-: 
0x0000555555a52a88 (      50B) w-: 
0x00007f2a7f6186a0 (      48B) w-: 
0x00007f2a7fb889c8 (      48B) w-: 
0x00007f2a7ffbc0c8 (      48B) w-: 
0x00007f2a7f618340 (      48B) w-: 
0x00007f2a7f617478 (      48B) w-: 
0x00007f2a7f618620 (      48B) w-: 
0x00007f2a7f6189a0 (      48B) w-: 
0x00007f2a7f6167a0 (      48B) w-: 
0x00007f2a7f617440 (      48B) w-: 
0x00007f2a7f6167d8 (      48B) w-: 
0x00007f2a7f6184a0 (      48B) w-: 
0x00007f2a7fb884b8 (      48B) w-: 
0x00007f2a7f6185e0 (      48B) w-: 
0x00007f2a7f618460 (      48B) w-: 
0x00007f2a7fb88ed8 (      48B) w-: 
0x00007f2a7f61ba50 (      48B) w-: 
0x00007f2a7f6185a0 (      48B) w-: 
0x00007f2a7f618660 (      48B) w-: 
0x00007f2a7fb88268 (      48B) w-: 
0x00007f2a7f6193f0 (      48B) w-: 
0x00007f2a7f61a580 (      48B) w-: 
0x00007f2a7f6184e0 (      48B) w-: 
0x00007f2a7f6183c0 (      48B) w-: 
0x0000555555a45570 (      44B) w-: 
0x0000555555a459e8 (      42B) w-: 
0x00007f2a7f618560 (      40B) w-: 
0x00007f2a7fb882c8 (      40B) w-: 
0x00007f2a7f616b60 (      40B) w-: 
0x00007f2a7f618520 (      40B) w-: 
0x00007f2a7fb899b8 (      40B) w-: 
0x00007f2a7f617800 (      40B) w-: 
0x00007fffb22be698 (      40B) w-: 
0x0000555555a4b358 (      40B) w-: 
0x00007f2a7fb890d0 (      40B) w-: 
0x00007f2a7f6182c0 (      40B) w-: 
0x00007f2a7f618300 (      40B) w-: 
0x00007f2a7f617500 (      40B) w-: 
0x00007f2a7fb89100 (      40B) w-: 
0x00007f2a7fb88630 (      38B) w-: 
0x00007f2a7fb89050 (      38B) w-: 
0x0000555555a45778 (      36B) w-: 
0x0000555555a44b60 (      36B) w-: 
0x0000555555a44cc8 (      36B) w-: 
0x00007f2a7ffbaae4 (      36B) w-: 
0x0000555555a44928 (      36B) w-: 
0x0000555555a454a8 (      36B) w-: 
0x00007f2a7ffbad80 (      32B) w-: 
0x00007f2a7f7abfd0 (      32B) w-: 
0x00007f2a7f647230 (      32B) w-: 
0x00007f2a7f616a50 (      32B) w-: 
0x00007f2a7fb88c98 (      32B) w-: 
0x00007f2a7fb887d8 (      32B) w-: 
0x00007f2a7ffbb018 (      32B) w-: 
0x00007f2a7f618b38 (      32B) w-: 
0x00007f2a7f7abd10 (      32B) w-: 
0x00007fffb22bd2d0 (      32B) w-: 
0x00007f2a7f618ba0 (      32B) w-: 
0x0000555555a45740 (      28B) w-: 
0x0000555555a44cf0 (      28B) w-: 
0x0000555555a455a0 (      28B) w-: 
0x0000555555a45230 (      28B) w-: 
0x0000555555a44c90 (      28B) w-: 
0x0000555555a454d0 (      28B) w-: 
0x00007f2a7fb88e30 (      28B) w-: 
0x00007f2a7fb88920 (      28B) w-: 
0x0000555555a45310 (      28B) w-: 
0x0000555555a456d0 (      28B) w-: 
0x0000555555a45620 (      28B) w-: 
0x0000555555a44c70 (      28B) w-: 
0x0000555555a45540 (      28B) w-: 
0x0000555555a449e0 (      28B) w-: 
0x0000555555a457a0 (      28B) w-: 
0x0000555555a44950 (      28B) w-: 
0x00007f2a7fb88410 (      28B) w-: 
0x00007f2a7ffbab98 (      28B) w-: 
0x00007f2a7ffbabbc (      28B) w-: 
0x00007f2a7ffba778 (      25B) w-: 
0x00007f2a7ffba238 (      25B) w-: 
0x00007f2a7ffba1c8 (      25B) w-: 
0x0000555555a4a978 (      25B) w-: 
0x00007f2a7ffb9f98 (      25B) w-: 
0x00007f2a7ffb9cf8 (      25B) w-: 
0x00007f2a7f6168d0 (      24B) w-: 
0x00007f2a7f616da0 (      24B) w-: 
0x00007f2a7f6168b0 (      24B) w-: 
0x00007f2a7f618840 (      24B) w-: 
0x00007f2a7f6188a0 (      24B) w-: 
0x00007f2a7f618ab8 (      24B) w-: 
0x00007f2a7fb89000 (      24B) w-: 
0x00007f2a7fb88f20 (      24B) w-: 
0x00007f2a7fb881b8 (      24B) w-: 
0x00007f2a7ffb9a60 (      24B) w-: 
0x00007f2a7ffb9ab0 (      24B) w-: 
0x00007f2a7ffbaaa0 (      24B) w-: 
0x00007f2a7ffbab7c (      24B) w-: 
0x00007f2a7fb88bd8 (      24B) w-: 
0x00007f2a7fb88af0 (      24B) w-: 
0x00007f2a7fb88a10 (      24B) w-: 
0x00007f2a7f619860 (      24B) w-: 
0x00007f2a7f617720 (      24B) w-: 
0x00007f2a7ffbbe48 (      24B) w-: 
0x00007f2a7fb885e0 (      24B) w-: 
0x0000555555a44908 (      24B) w-: 
0x00007f2a7fb88520 (      24B) w-: 
0x00007fffb22be938 (      24B) w-: 
0x00007f2a7fb88500 (      24B) w-: 
0x0000555555a4a9a8 (      24B) w-: 
0x00007f2a7fb89998 (      24B) w-: 
0x0000555555a52a68 (      23B) w-: 
0x0000555555a52a00 (      23B) w-: 
0x0000555555a52ac8 (      21B) w-: 
0x0000555555a52a48 (      21B) w-: 
0x00007f2a7fb89580 (      20B) w-: 
0x00007f2a7fb896d0 (      20B) w-: 
0x0000555555a45848 (      20B) w-: 
0x00007f2a7fb89568 (      20B) w-: 
0x00007f2a7fb89550 (      20B) w-: 
0x00007f2a7f6211a0 (      20B) w-: 
0x00007f2a7fb89538 (      20B) w-: 
0x00007f2a7fb89520 (      20B) w-: 
0x00007f2a7fb89508 (      20B) w-: 
0x0000555555a45868 (      20B) w-: 
0x00007f2a7fb894f0 (      20B) w-: 
0x00007f2a7fb894d8 (      20B) w-: 
0x00007f2a7fb894c0 (      20B) w-: 
0x00007f2a7fb894a8 (      20B) w-: 
0x00007f2a7fb89490 (      20B) w-: 
0x0000555555a45888 (      20B) w-: 
0x0000555555a458a8 (      20B) w-: 
0x0000555555a458c8 (      20B) w-: 
0x0000555555a458e8 (      20B) w-: 
0x0000555555a45908 (      20B) w-: 
0x0000555555a45928 (      20B) w-: 
0x00007f2a7fb89598 (      20B) w-: 
0x0000555555a45948 (      20B) w-: 
0x00007f2a7fb895b0 (      20B) w-: 
0x00007f2a7fb895c8 (      20B) w-: 
0x00007f2a7fb895e0 (      20B) w-: 
0x00007f2a7fb895f8 (      20B) w-: 
0x00007f2a7fb89610 (      20B) w-: 
0x00007f2a7fb89628 (      20B) w-: 
0x00007f2a7fb89640 (      20B) w-: 
0x00007f2a7fb89658 (      20B) w-: 
0x00007f2a7fb89670 (      20B) w-: 
0x00007f2a7fb89688 (      20B) w-: 
0x00007f2a7fb896a0 (      20B) w-: 
0x00007f2a7fb896b8 (      20B) w-: 
0x00007f2a7ffbab10 (      20B) w-: 
0x00007f2a7fb896e8 (      20B) w-: 
0x00007f2a7fb89700 (      20B) w-: 
0x00007f2a7fb89718 (      20B) w-: 
0x0000555555a45968 (      20B) w-: 
0x0000555555a45988 (      20B) w-: 
0x0000555555a459a8 (      20B) w-: 
0x00007f2a7fb88494 (      20B) w-: 
0x0000555555a459c8 (      20B) w-: 
0x00007f2a7ffbac24 (      20B) w-: 
0x00007f2a7fb89730 (      20B) w-: 
0x00007f2a7fb89980 (      20B) w-: 
0x00007f2a7fb89968 (      20B) w-: 
0x00007f2a7fb89748 (      20B) w-: 
0x00007f2a7fb89950 (      20B) w-: 
0x0000555555a52a28 (      20B) w-: 
0x00007f2a7fb89938 (      20B) w-: 
0x00007f2a7fb89760 (      20B) w-: 
0x00007f2a7fb89778 (      20B) w-: 
0x00007f2a7fb89790 (      20B) w-: 
0x00007f2a7fb897a8 (      20B) w-: 
0x00007f2a7fb897c0 (      20B) w-: 
0x00007f2a7fb89920 (      20B) w-: 
0x0000555555a52ae8 (      19B) w-: 
0x0000555555a45a18 (      18B) w-: 
0x0000555555a4ab80 (      17B) w-: 
0x0000555555a4ab98 (      17B) w-: 
0x0000555555a4ab68 (      17B) w-: 
0x0000555555a4ab50 (      17B) w-: 
0x0000555555a52b08 (      17B) w-: 
0x0000555555a4ab38 (      17B) w-: 
0x0000555555a4ab20 (      17B) w-: 
0x0000555555a4ab08 (      17B) w-: 
0x00007fffb22bd52f (      17B) w-: 
0x00007f2a7f6195d0 (      16B) w-: 
0x00007f2a7f7abd80 (      16B) w-: 
0x00007f2a7f7abde0 (      16B) w-: 
0x00007f2a7fb88ce8 (      16B) w-: 
0x00007f2a7f619560 (      16B) w-: 
0x00007f2a7f6177c8 (      16B) w-: 
0x00007f2a7f619598 (      16B) w-: 
0x00007f2a7ffbabe4 (      16B) w-: 
0x0000555555a44328 (      16B) w-: 
0x00007f2a7ffbac04 (      16B) w-: 
0x00007f2a7f619608 (      16B) w-: 
0x00007f2a7ffb9a80 (      16B) w-: 
0x00007f2a7f619640 (      16B) w-: 
0x00007f2a7ffbac44 (      16B) w-: 
0x00007f2a7f619678 (      16B) w-: 
0x0000555555a44340 (      16B) w-: 
0x00007f2a7f6196b0 (      16B) w-: 
0x00007f2a7ffbac64 (      16B) w-: 
0x00007f2a7f6196e8 (      16B) w-: 
0x00007f2a7ffbbf60 (      16B) w-: 
0x00007f2a7f619720 (      16B) w-: 
0x00007f2a7ffbbf10 (      16B) w-: 
0x00007f2a7f619758 (      16B) w-: 
0x00007f2a7fb88a30 (      16B) w-: 
0x00007f2a7f619790 (      16B) w-: 
0x0000555555a52b78 (      16B) w-: 
0x00007f2a7f6197c8 (      16B) w-: 
0x00007f2a7fb88f40 (      16B) w-: 
0x0000555555a45760 (      16B) w-: 
0x00007f2a7fb88fb0 (      16B) w-: 
0x00007f2a7f619888 (      16B) w-: 
0x00007f2a7f6177a8 (      16B) w-: 
0x00007f2a7ffbaff0 (      16B) w-: 
0x00007f2a7f6180e0 (      16B) w-: 
0x00007f2a7ffbba48 (      16B) w-: 
0x00007f2a7ffbbc58 (      16B) w-: 
0x00007f2a7ffbbd90 (      16B) w-: 
0x0000555555a4abb0 (      16B) w-: 
0x00007f2a7fb88618 (      16B) w-: 
0x00007f2a7fb89038 (      16B) w-: 
0x00007f2a7f618180 (      16B) w-: 
0x00007f2a7f95a5f8 (      16B) w-: 
0x00007f2a7f618900 (      16B) w-: 
0x00007f2a7f6205a0 (      16B) w-: 
0x00007f2a7f617788 (      16B) w-: 
0x00007f2a7f6188e0 (      16B) w-: 
0x00007f2a7f6188c0 (      16B) w-: 
0x00007f2a7f618880 (      16B) w-: 
0x00007f2a7f618860 (      16B) w-: 
0x00007f2a7f617768 (      16B) w-: 
0x00007f2a7f617748 (      16B) w-: 
0x00007f2a7f61a728 (      16B) w-: 
0x00007f2a7f618820 (      16B) w-: 
0x00007f2a7f617580 (      16B) w-: 
0x00007f2a7f618800 (      16B) w-: 
0x00007f2a7f616860 (      16B) w-: 
0x00007f2a7f61a808 (      16B) w-: 
0x00007f2a7f6187e0 (      16B) w-: 
0x00007f2a7f6187c0 (      16B) w-: 
0x00007f2a7f6187a0 (      16B) w-: 
0x00007f2a7f61a7e8 (      12B) w-: 
0x00007f2a7f61a778 (      12B) w-: 
0x00007f2a7f61a708 (      12B) w-: 
0x00007f2a7ffbbf00 (      12B) w-: 
0x00007f2a7fb892e0 (      12B) w-: 
0x00007f2a7fb89330 (      12B) w-: 
0x00007f2a7fb8855c (      12B) w-: 
0x00007f2a7ffb9ae8 (      12B) w-: 
0x00007f2a7fb89480 (      12B) w-: 
0x00007f2a7f61a4ec (      12B) w-: 
0x00007f2a7fb89910 (      12B) w-: 
0x00007f2a7f621190 (      12B) w-: 
0x00007f2a7ffbb040 (      12B) w-: 
0x00007f2a7fb889a4 (      12B) w-: 
0x00007f2a7fb88fa0 (      12B) w-: 
0x00007f2a7fb88a90 (      12B) w-: 
0x00007f2a7ffbac90 (      12B) w-: 
0x0000555555a45480 (      12B) w-: 
0x00007f2a7ffb9aa0 (      12B) w-: 
0x0000555555a44b98 (      12B) w-: 
0x0000555555a44b88 (      12B) w-: 
0x00007f2a7fb88eb4 (      12B) w-: 
0x00007f2a7ffbaac0 (      12B) w-: 
0x00007f2a7fb88580 (      12B) w-: 
0x00007f2a7fb88b28 (      10B) w-: 
0x00007f2a7f7abd48 (       8B) w-: 
0x00007f2a7f7abe88 (       8B) w-: 
0x00007f2a7f7abe98 (       8B) w-: 
0x00007f2a7f7abea8 (       8B) w-: 
0x00007f2a7f7abed8 (       8B) w-: 
0x00007f2a7f7abf08 (       8B) w-: 
0x00007f2a7f7abf18 (       8B) w-: 
0x00007f2a7f7abf68 (       8B) w-: 
0x00007f2a7f647220 (       8B) w-: 
0x00007f2a7f647210 (       8B) w-: 
0x00007f2a7f7ac0e0 (       8B) w-: 
0x00007f2a7f7ac0f0 (       8B) w-: 
0x00007f2a7f7ac100 (       8B) w-: 
0x00007f2a7f7ac110 (       8B) w-: 
0x00007f2a7f7ac120 (       8B) w-: 
0x00007f2a7f7ac130 (       8B) w-: 
0x00007f2a7f7ac140 (       8B) w-: 
0x00007f2a7f7ac150 (       8B) w-: 
0x00007f2a7f7ac160 (       8B) w-: 
0x00007f2a7f7ac170 (       8B) w-: 
0x00007f2a7f7ac180 (       8B) w-: 
0x00007f2a7f7ac190 (       8B) w-: 
0x00007f2a7f7ac1a0 (       8B) w-: 
0x00007f2a7f7ac1b0 (       8B) w-: 
0x00007f2a7f7ac1c0 (       8B) w-: 
0x00007f2a7f7ac1d0 (       8B) w-: 
0x00007f2a7f7ac1e0 (       8B) w-: 
0x00007f2a7f7ac1f0 (       8B) w-: 
0x00007f2a7f7ac200 (       8B) w-: 
0x00007f2a7f7ac210 (       8B) w-: 
0x00007f2a7f7ac220 (       8B) w-: 
0x00007fffb22be558 (       8B) w-: 
0x00007fffb22be508 (       8B) w-: 
0x00007f2a7f9579f8 (       8B) w-: 
0x00007f2a7f957a08 (       8B) w-: 
0x00007f2a7f957a18 (       8B) w-: 
0x00007f2a7f957a48 (       8B) w-: 
0x00007f2a7f957a78 (       8B) w-: 
0x00007f2a7f957a88 (       8B) w-: 
0x00007f2a7f957b18 (       8B) w-: 
0x00007f2a7f621218 (       8B) w-: 
0x00007f2a7f621200 (       8B) w-: 
0x00007f2a7f958000 (       8B) w-: 
0x00007f2a7f621180 (       8B) w-: 
0x00007f2a7f621160 (       8B) w-: 
0x00007fffb22be4d8 (       8B) w-: 
0x00007fffb22bd558 (       8B) w-: 
0x00007f2a7f620500 (       8B) w-: 
0x0000555555a44cb8 (       8B) w-: 
0x00007f2a7fb88250 (       8B) w-: 
0x00007f2a7f61fb60 (       8B) w-: 
0x00007f2a7fb882a0 (       8B) w-: 
0x00007f2a7f61fb50 (       8B) w-: 
0x00007f2a7fb882f8 (       8B) w-: 
0x00007f2a7fb88340 (       8B) w-: 
0x00007f2a7f61ba40 (       8B) w-: 
0x00007f2a7fb88440 (       8B) w-: 
0x00007f2a93d25420 (       8B) w-: 
0x0000555555a45498 (       8B) w-: 
0x00007f2a7f61a820 (       8B) w-: 
0x00007f2a7f61a740 (       8B) w-: 
0x0000555555a4a998 (       8B) w-: 
0x00007f2a7f61a680 (       8B) w-: 
0x00007f2a7fb88540 (       8B) w-: 
0x0000555555a4abd0 (       8B) w-: 
0x00007f2a7f61a570 (       8B) w-: 
0x00007f2a7f61a558 (       8B) w-: 
0x00007f2a7f619a80 (       8B) w-: 
0x00007f2a7ffbbe38 (       8B) w-: 
0x00007f2a7fb88600 (       8B) w-: 
0x0000555555a4abe8 (       8B) w-: 
0x0000555555a4ac00 (       8B) w-: 
0x00007f2a7f619c60 (       8B) w-: 
0x00007f2a7f619b78 (       8B) w-: 
0x00007f2a7ffbbcc0 (       8B) w-: 
0x00007f2a7fb88730 (       8B) w-: 
0x00007f2a7fb88760 (       8B) w-: 
0x00007f2a7fb88778 (       8B) w-: 
0x00007f2a7fb88788 (       8B) w-: 
0x00007f2a7fb88798 (       8B) w-: 
0x00007f2a7fb887b0 (       8B) w-: 
0x00007f2a7f619b40 (       8B) w-: 
0x00007f2a7fb88808 (       8B) w-: 
0x00007f2a7fb88850 (       8B) w-: 
0x00007f2a7f619b28 (       8B) w-: 
0x00007f2a7fb88950 (       8B) w-: 
0x00007f2a7ffbbc78 (       8B) w-: 
0x0000555555a4ac18 (       8B) w-: 
0x00007f2a7f619980 (       8B) w-: 
0x00007f2a7f6197e0 (       8B) w-: 
0x00007f2a7f6197a8 (       8B) w-: 
0x00007f2a7f619770 (       8B) w-: 
0x00007f2a7fb88a50 (       8B) w-: 
0x00007f2a7ffbbbe8 (       8B) w-: 
0x00007f2a7fb88a70 (       8B) w-: 
0x00007f2a7f619738 (       8B) w-: 
0x00007f2a7f619700 (       8B) w-: 
0x00007f2a7f6196c8 (       8B) w-: 
0x00007f2a7fb88b10 (       8B) w-: 
0x00007f2a7ffbbbd0 (       8B) w-: 
0x00007f2a7f619690 (       8B) w-: 
0x00007f2a7f619658 (       8B) w-: 
0x00007f2a7f619620 (       8B) w-: 
0x00007f2a7f6195e8 (       8B) w-: 
0x00007f2a7f6195b0 (       8B) w-: 
0x00007f2a7fb88c70 (       8B) w-: 
0x00007f2a7fb88c88 (       8B) w-: 
0x00007f2a7f619578 (       8B) w-: 
0x00007f2a7ffbbba0 (       8B) w-: 
0x00007f2a7fb88d18 (       8B) w-: 
0x00007f2a7fb88d60 (       8B) w-: 
0x0000555555a4ac30 (       8B) w-: 
0x00007f2a7fb88e60 (       8B) w-: 
0x00007f2a7f6193c0 (       8B) w-: 
0x00007f2a7ffbbb28 (       8B) w-: 
0x0000555555a4ac48 (       8B) w-: 
0x00007f2a7f618d28 (       8B) w-: 
0x00007f2a7f618ca8 (       8B) w-: 
0x00007f2a7f618c98 (       8B) w-: 
0x00007f2a7fb88f60 (       8B) w-: 
0x00007f2a7ffbbac0 (       8B) w-: 
0x0000555555a4ac60 (       8B) w-: 
0x00007f2a7f618c68 (       8B) w-: 
0x00007f2a7f618c38 (       8B) w-: 
0x00007f2a7f618c28 (       8B) w-: 
0x00007f2a7fb89020 (       8B) w-: 
0x00007f2a7ffbb060 (       8B) w-: 
0x00007f2a7f618c18 (       8B) w-: 
0x00007f2a7f618c08 (       8B) w-: 
0x00007f2a7f618920 (       8B) w-: 
0x00007f2a7f618398 (       8B) w-: 
0x00007f2a7f618388 (       8B) w-: 
0x00007f2a7f618270 (       8B) w-: 
0x00007f2a7f618260 (       8B) w-: 
0x00007f2a7f618250 (       8B) w-: 
0x00007f2a7fb892f0 (       8B) w-: 
0x00007f2a7f618240 (       8B) w-: 
0x00007f2a7f618230 (       8B) w-: 
0x00007f2a7f618220 (       8B) w-: 
0x00007f2a7f618210 (       8B) w-: 
0x00007f2a7f6181f0 (       8B) w-: 
0x00007f2a7f6181e0 (       8B) w-: 
0x00007f2a7f6181c0 (       8B) w-: 
0x00007f2a7f6181b0 (       8B) w-: 
0x00007f2a7f618140 (       8B) w-: 
0x00007f2a7f618120 (       8B) w-: 
0x00007f2a7f618110 (       8B) w-: 
0x00007f2a7f6180d0 (       8B) w-: 
0x00007f2a7f6180c0 (       8B) w-: 
0x00007f2a7f6177e8 (       8B) w-: 
0x00007f2a7f6175a0 (       8B) w-: 
0x00007f2a7f617540 (       8B) w-: 
0x00007f2a7f6174c0 (       8B) w-: 
0x00007f2a7f617400 (       8B) w-: 
0x00007f2a7f617380 (       8B) w-: 
0x00007f2a7f617370 (       8B) w-: 
0x00007f2a7f617320 (       8B) w-: 
0x00007f2a7f616de0 (       8B) w-: 
0x00007f2a7f616dc8 (       8B) w-: 
0x00007f2a7f616d60 (       8B) w-: 
0x00007f2a7f616d48 (       8B) w-: 
0x00007f2a7f616d30 (       8B) w-: 
0x00007f2a7f616ba0 (       8B) w-: 
0x00007f2a7f616b20 (       8B) w-: 
0x00007f2a7f616a78 (       8B) w-: 
0x00007f2a7f616888 (       8B) w-: 
0x00007f2a7f616878 (       8B) w-: 
0x00007f2a7f616820 (       8B) w-: 
0x00007f2a7f616780 (       8B) w-: 
0x00007f2a7f6163f8 (       8B) w-: 
0x00007f2a7f6163d8 (       8B) w-: 
0x00007f2a7ffbb050 (       8B) w-: 
0x0000555555a4ac78 (       8B) w-: 
0x0000555555a4ac90 (       8B) w-: 
0x0000555555a4aca8 (       8B) w-: 
0x00007f2a7ffbaf88 (       8B) w-: 
0x00007f2a7ffbaf38 (       8B) w-: 
0x00007f2a7ffbaf28 (       8B) w-: 
0x00007f2a7ffbaef8 (       8B) w-: 
0x00007f2a7ffbaec8 (       8B) w-: 
0x00007f2a7ffbaeb8 (       8B) w-: 
0x00007f2a7ffbaea8 (       8B) w-: 
0x00007f2a7ffbae98 (       8B) w-: 
0x0000555555a52b98 (       8B) w-: 
0x00007f2a7ffbada8 (       8B) w-: 
0x00007f2a7ffbac84 (       8B) w-: 
0x00007f2a7ffb9ad0 (       8B) w-: 
0x0000555555a44a08 (       4B) w-: 
0x0000555555a44b10 (       4B) w-: 
0x0000555555a44b18 (       4B) w-: 
0x0000555555a44b20 (       4B) w-: 
0x0000555555a44b28 (       4B) w-: 
0x00007f2a7f620ac0 (       4B) w-: 
0x0000555555a44b30 (       4B) w-: 
0x0000555555a44b38 (       4B) w-: 
0x0000555555a44b40 (       4B) w-: 
0x0000555555a44b48 (       4B) w-: 
0x00007f2a7f620598 (       4B) w-: 
0x0000555555a44b50 (       4B) w-: 
0x0000555555a44b58 (       4B) w-: 
0x0000555555a44ba8 (       4B) w-: 
0x0000555555a44cb0 (       4B) w-: 
0x00007f2a7f61a840 (       4B) w-: 
0x00007f2a7fb89030 (       4B) w-: 
0x0000555555a45250 (       4B) w-: 
0x0000555555a45468 (       4B) w-: 
0x0000555555a44360 (       4B) w-: 
0x0000555555a45470 (       4B) w-: 
0x00007f2a7ffbab2c (       4B) w-: 
0x0000555555a45478 (       4B) w-: 
0x0000555555a45490 (       4B) w-: 
0x00007f2a7ffbc080 (       4B) w-: 
0x0000555555a45560 (       4B) w-: 
0x0000555555a45568 (       4B) w-: 
0x00007f2a7f61a6a0 (       4B) w-: 
0x00007f2a7ffbac18 (       4B) w-: 
0x00007f2a7ffbbee4 (       4B) w-: 
0x00007f2a7ffbbed4 (       4B) w-: 
0x00007f2a7fb88554 (       4B) w-: 
0x00007f2a7ffbac78 (       4B) w-: 
0x00007f2a7f619c88 (       4B) w-: 
0x00007f2a7fb88610 (       4B) w-: 
0x00007f2a7fb88f84 (       4B) w-: 
0x00007f2a7f619c80 (       4B) w-: 
0x00007f2a7f619b60 (       4B) w-: 
0x0000555555a44a00 (       4B) w-: 
0x00007f2a7fb88a64 (       4B) w-: 
0x00007f2a7fb88b20 (       4B) w-: 
0x00007f2a7f61942c (       4B) w-: 
0x00007f2a7f619424 (       4B) w-: 
0x00007f2a7f619298 (       4B) w-: 
0x00007f2a7fb88f74 (       4B) w-: 
0x00007f2a7ffbbda8 (       2B) w-: 
0x0000555555a44320 (       2B) w-: 
0x00007f2a7f59d580 (       1B) -x: 
0x00007f2a7f59d790 (       1B) -x: 
0x00007f2a7f59d960 (       1B) -x: 
0x00007f2a7f5a0900 (       1B) -x: 
0x00007f2a7ff98dd0 (       1B) -x: 
0x00007f2a7f59d300 (       1B) -x: 
0x00007f2a7f599440 (       1B) -x: 
0x00007f2a7f598f00 (       1B) -x: 
0x00007f2a7f598ac0 (       1B) -x: 
0x00007f2a7fb88eb1 (       1B) w-: 
0x00007f2a7f51aac0 (       1B) -x: 
0x00007f2a7f5160e0 (       1B) -x: 
0x00007f2a7f514af0 (       1B) -x: 
0x00007f2a7f5142b0 (       1B) -x: 
0x00007f2a7fb889a1 (       1B) w-: 
0x00007f2a7f4282d0 (       1B) -x: 
0x00007f2a7ff8e3d0 (       1B) -x: 
0x00007f2a7f428350 (       1B) -x: 
0x00007f2a7f42a250 (       1B) -x: 
0x00007f2a7f436720 (       1B) -x: 
0x00007f2a7ff96080 (       1B) -x: 
0x00007f2a7f4388b0 (       1B) -x: 
0x00007f2a7f43a870 (       1B) -x: 
0x00007f2a7f43dca0 (       1B) -x: 
0x00007f2a7f4421e0 (       1B) -x: 
0x00007f2a7f444b70 (       1B) -x: 
0x00007f2a7f4458c0 (       1B) -x: 
0x00007f2a7f4459a0 (       1B) -x: 
0x00007f2a7fb88491 (       1B) w-: 
0x00007f2a7f47ecf0 (       1B) -x: 
0x00007f2a7f47f1b0 (       1B) -x: 
0x00007f2a7f47f6b0 (       1B) -x: 
0x00007f2a7f480130 (       1B) -x: 
0x00007f2a7f4875a0 (       1B) -x: 
0x00007f2a7f4891a0 (       1B) -x: 
0x00007f2a7f489290 (       1B) -x: 
0x00007f2a7f4892d0 (       1B) -x: 
0x00007f2a7f6204e8 (       1B) w-: 
0x00007f2a7f48a2a0 (       1B) -x: 
0x00007f2a7f48d880 (       1B) -x: 
0x00007f2a7f4a5120 (       1B) -x: 
0x00007f2a7f4a5460 (       1B) -x: 
0x00007f2a7f4a57c0 (       1B) -x: 
0x00007f2a7ff96d30 (       1B) -x: 
0x00007f2a7f4a83f0 (       1B) -x: 
0x00007f2a7f4c4200 (       1B) -x: 
0x00007f2a7f4e62f0 (       1B) -x: 
0x00007f2a7f4e6520 (       1B) -x: 
0x00007f2a7f6214b8 (       1B) w-: 
0x00007f2a7f627e4e (       1B) w-: 
0x00007f2a7f4e66f0 (       1B) -x: 
0x00007f2a7f4ed2f0 (       1B) -x: 
0x00007f2a7f508b60 (       1B) -x: 
0x00007f2a7ff9e300 (       1B) -x: 
0x00007f2a7f5a0940 (       1B) -x: 
------- unpacking complete ---------
